  stdafx.cpp
  targa.cpp
  Graphic_03d.cpp
f:\studia\4 semestr\grafika\grafika wasyl\grafika3\graphic_03d\colors.h(20): warning C4838: conversion from 'double' to 'const GLfloat' requires a narrowing conversion
f:\studia\4 semestr\grafika\grafika wasyl\grafika3\graphic_03d\colors.h(20): warning C4305: 'initializing': truncation from 'double' to 'const GLfloat'
f:\studia\4 semestr\grafika\grafika wasyl\grafika3\graphic_03d\colors.h(25): warning C4838: conversion from 'double' to 'const GLfloat' requires a narrowing conversion
f:\studia\4 semestr\grafika\grafika wasyl\grafika3\graphic_03d\colors.h(25): warning C4305: 'initializing': truncation from 'double' to 'const GLfloat'
f:\studia\4 semestr\grafika\grafika wasyl\grafika3\graphic_03d\colors.h(35): warning C4838: conversion from 'double' to 'const GLfloat' requires a narrowing conversion
f:\studia\4 semestr\grafika\grafika wasyl\grafika3\graphic_03d\colors.h(35): warning C4305: 'initializing': truncation from 'double' to 'const GLfloat'
f:\studia\4 semestr\grafika\grafika wasyl\grafika3\graphic_03d\colors.h(42): warning C4838: conversion from 'double' to 'const GLfloat' requires a narrowing conversion
f:\studia\4 semestr\grafika\grafika wasyl\grafika3\graphic_03d\colors.h(42): warning C4305: 'initializing': truncation from 'double' to 'const GLfloat'
f:\studia\4 semestr\grafika\grafika wasyl\grafika3\graphic_03d\colors.h(49): warning C4838: conversion from 'double' to 'const GLfloat' requires a narrowing conversion
f:\studia\4 semestr\grafika\grafika wasyl\grafika3\graphic_03d\colors.h(49): warning C4305: 'initializing': truncation from 'double' to 'const GLfloat'
f:\studia\4 semestr\grafika\grafika wasyl\grafika3\graphic_03d\colors.h(54): warning C4838: conversion from 'double' to 'const GLfloat' requires a narrowing conversion
f:\studia\4 semestr\grafika\grafika wasyl\grafika3\graphic_03d\colors.h(54): warning C4305: 'initializing': truncation from 'double' to 'const GLfloat'
f:\studia\4 semestr\grafika\grafika wasyl\grafika3\graphic_03d\colors.h(66): warning C4838: conversion from 'double' to 'const GLfloat' requires a narrowing conversion
f:\studia\4 semestr\grafika\grafika wasyl\grafika3\graphic_03d\colors.h(66): warning C4305: 'initializing': truncation from 'double' to 'const GLfloat'
f:\studia\4 semestr\grafika\grafika wasyl\grafika3\graphic_03d\colors.h(80): warning C4838: conversion from 'double' to 'const GLfloat' requires a narrowing conversion
f:\studia\4 semestr\grafika\grafika wasyl\grafika3\graphic_03d\colors.h(80): warning C4305: 'initializing': truncation from 'double' to 'const GLfloat'
f:\studia\4 semestr\grafika\grafika wasyl\grafika3\graphic_03d\colors.h(87): warning C4838: conversion from 'double' to 'const GLfloat' requires a narrowing conversion
f:\studia\4 semestr\grafika\grafika wasyl\grafika3\graphic_03d\colors.h(87): warning C4305: 'initializing': truncation from 'double' to 'const GLfloat'
f:\studia\4 semestr\grafika\grafika wasyl\grafika3\graphic_03d\colors.h(92): warning C4838: conversion from 'double' to 'const GLfloat' requires a narrowing conversion
f:\studia\4 semestr\grafika\grafika wasyl\grafika3\graphic_03d\colors.h(92): warning C4305: 'initializing': truncation from 'double' to 'const GLfloat'
f:\studia\4 semestr\grafika\grafika wasyl\grafika3\graphic_03d\colors.h(97): warning C4838: conversion from 'double' to 'const GLfloat' requires a narrowing conversion
f:\studia\4 semestr\grafika\grafika wasyl\grafika3\graphic_03d\colors.h(97): warning C4305: 'initializing': truncation from 'double' to 'const GLfloat'
f:\studia\4 semestr\grafika\grafika wasyl\grafika3\graphic_03d\colors.h(102): warning C4838: conversion from 'double' to 'const GLfloat' requires a narrowing conversion
f:\studia\4 semestr\grafika\grafika wasyl\grafika3\graphic_03d\colors.h(102): warning C4305: 'initializing': truncation from 'double' to 'const GLfloat'
f:\studia\4 semestr\grafika\grafika wasyl\grafika3\graphic_03d\colors.h(109): warning C4838: conversion from 'double' to 'const GLfloat' requires a narrowing conversion
f:\studia\4 semestr\grafika\grafika wasyl\grafika3\graphic_03d\colors.h(109): warning C4305: 'initializing': truncation from 'double' to 'const GLfloat'
f:\studia\4 semestr\grafika\grafika wasyl\grafika3\graphic_03d\colors.h(116): warning C4838: conversion from 'double' to 'const GLfloat' requires a narrowing conversion
f:\studia\4 semestr\grafika\grafika wasyl\grafika3\graphic_03d\colors.h(116): warning C4305: 'initializing': truncation from 'double' to 'const GLfloat'
f:\studia\4 semestr\grafika\grafika wasyl\grafika3\graphic_03d\colors.h(121): warning C4838: conversion from 'double' to 'const GLfloat' requires a narrowing conversion
f:\studia\4 semestr\grafika\grafika wasyl\grafika3\graphic_03d\colors.h(121): warning C4305: 'initializing': truncation from 'double' to 'const GLfloat'
f:\studia\4 semestr\grafika\grafika wasyl\grafika3\graphic_03d\colors.h(126): warning C4838: conversion from 'double' to 'const GLfloat' requires a narrowing conversion
f:\studia\4 semestr\grafika\grafika wasyl\grafika3\graphic_03d\colors.h(126): warning C4305: 'initializing': truncation from 'double' to 'const GLfloat'
f:\studia\4 semestr\grafika\grafika wasyl\grafika3\graphic_03d\colors.h(133): warning C4838: conversion from 'double' to 'const GLfloat' requires a narrowing conversion
f:\studia\4 semestr\grafika\grafika wasyl\grafika3\graphic_03d\colors.h(133): warning C4305: 'initializing': truncation from 'double' to 'const GLfloat'
f:\studia\4 semestr\grafika\grafika wasyl\grafika3\graphic_03d\colors.h(147): warning C4838: conversion from 'double' to 'const GLfloat' requires a narrowing conversion
f:\studia\4 semestr\grafika\grafika wasyl\grafika3\graphic_03d\colors.h(147): warning C4305: 'initializing': truncation from 'double' to 'const GLfloat'
f:\studia\4 semestr\grafika\grafika wasyl\grafika3\graphic_03d\colors.h(154): warning C4838: conversion from 'double' to 'const GLfloat' requires a narrowing conversion
f:\studia\4 semestr\grafika\grafika wasyl\grafika3\graphic_03d\colors.h(154): warning C4305: 'initializing': truncation from 'double' to 'const GLfloat'
f:\studia\4 semestr\grafika\grafika wasyl\grafika3\graphic_03d\colors.h(159): warning C4838: conversion from 'double' to 'const GLfloat' requires a narrowing conversion
f:\studia\4 semestr\grafika\grafika wasyl\grafika3\graphic_03d\colors.h(159): warning C4305: 'initializing': truncation from 'double' to 'const GLfloat'
f:\studia\4 semestr\grafika\grafika wasyl\grafika3\graphic_03d\colors.h(166): warning C4838: conversion from 'double' to 'const GLfloat' requires a narrowing conversion
f:\studia\4 semestr\grafika\grafika wasyl\grafika3\graphic_03d\colors.h(166): warning C4305: 'initializing': truncation from 'double' to 'const GLfloat'
f:\studia\4 semestr\grafika\grafika wasyl\grafika3\graphic_03d\colors.h(173): warning C4838: conversion from 'double' to 'const GLfloat' requires a narrowing conversion
f:\studia\4 semestr\grafika\grafika wasyl\grafika3\graphic_03d\colors.h(173): warning C4305: 'initializing': truncation from 'double' to 'const GLfloat'
f:\studia\4 semestr\grafika\grafika wasyl\grafika3\graphic_03d\colors.h(180): warning C4838: conversion from 'double' to 'const GLfloat' requires a narrowing conversion
f:\studia\4 semestr\grafika\grafika wasyl\grafika3\graphic_03d\colors.h(180): warning C4305: 'initializing': truncation from 'double' to 'const GLfloat'
f:\studia\4 semestr\grafika\grafika wasyl\grafika3\graphic_03d\colors.h(187): warning C4838: conversion from 'double' to 'const GLfloat' requires a narrowing conversion
f:\studia\4 semestr\grafika\grafika wasyl\grafika3\graphic_03d\colors.h(187): warning C4305: 'initializing': truncation from 'double' to 'const GLfloat'
f:\studia\4 semestr\grafika\grafika wasyl\grafika3\graphic_03d\colors.h(192): warning C4838: conversion from 'double' to 'const GLfloat' requires a narrowing conversion
f:\studia\4 semestr\grafika\grafika wasyl\grafika3\graphic_03d\colors.h(192): warning C4305: 'initializing': truncation from 'double' to 'const GLfloat'
f:\studia\4 semestr\grafika\grafika wasyl\grafika3\graphic_03d\colors.h(199): warning C4838: conversion from 'double' to 'const GLfloat' requires a narrowing conversion
f:\studia\4 semestr\grafika\grafika wasyl\grafika3\graphic_03d\colors.h(199): warning C4305: 'initializing': truncation from 'double' to 'const GLfloat'
f:\studia\4 semestr\grafika\grafika wasyl\grafika3\graphic_03d\colors.h(204): warning C4838: conversion from 'double' to 'const GLfloat' requires a narrowing conversion
f:\studia\4 semestr\grafika\grafika wasyl\grafika3\graphic_03d\colors.h(204): warning C4305: 'initializing': truncation from 'double' to 'const GLfloat'
f:\studia\4 semestr\grafika\grafika wasyl\grafika3\graphic_03d\colors.h(211): warning C4838: conversion from 'double' to 'const GLfloat' requires a narrowing conversion
f:\studia\4 semestr\grafika\grafika wasyl\grafika3\graphic_03d\colors.h(211): warning C4305: 'initializing': truncation from 'double' to 'const GLfloat'
f:\studia\4 semestr\grafika\grafika wasyl\grafika3\graphic_03d\colors.h(216): warning C4838: conversion from 'double' to 'const GLfloat' requires a narrowing conversion
f:\studia\4 semestr\grafika\grafika wasyl\grafika3\graphic_03d\colors.h(216): warning C4305: 'initializing': truncation from 'double' to 'const GLfloat'
f:\studia\4 semestr\grafika\grafika wasyl\grafika3\graphic_03d\colors.h(221): warning C4838: conversion from 'double' to 'const GLfloat' requires a narrowing conversion
f:\studia\4 semestr\grafika\grafika wasyl\grafika3\graphic_03d\colors.h(221): warning C4305: 'initializing': truncation from 'double' to 'const GLfloat'
f:\studia\4 semestr\grafika\grafika wasyl\grafika3\graphic_03d\colors.h(226): warning C4838: conversion from 'double' to 'const GLfloat' requires a narrowing conversion
f:\studia\4 semestr\grafika\grafika wasyl\grafika3\graphic_03d\colors.h(226): warning C4305: 'initializing': truncation from 'double' to 'const GLfloat'
f:\studia\4 semestr\grafika\grafika wasyl\grafika3\graphic_03d\colors.h(231): warning C4838: conversion from 'double' to 'const GLfloat' requires a narrowing conversion
f:\studia\4 semestr\grafika\grafika wasyl\grafika3\graphic_03d\colors.h(231): warning C4305: 'initializing': truncation from 'double' to 'const GLfloat'
f:\studia\4 semestr\grafika\grafika wasyl\grafika3\graphic_03d\colors.h(236): warning C4838: conversion from 'double' to 'const GLfloat' requires a narrowing conversion
f:\studia\4 semestr\grafika\grafika wasyl\grafika3\graphic_03d\colors.h(236): warning C4305: 'initializing': truncation from 'double' to 'const GLfloat'
f:\studia\4 semestr\grafika\grafika wasyl\grafika3\graphic_03d\colors.h(243): warning C4838: conversion from 'double' to 'const GLfloat' requires a narrowing conversion
f:\studia\4 semestr\grafika\grafika wasyl\grafika3\graphic_03d\colors.h(243): warning C4305: 'initializing': truncation from 'double' to 'const GLfloat'
f:\studia\4 semestr\grafika\grafika wasyl\grafika3\graphic_03d\colors.h(248): warning C4838: conversion from 'double' to 'const GLfloat' requires a narrowing conversion
f:\studia\4 semestr\grafika\grafika wasyl\grafika3\graphic_03d\colors.h(248): warning C4305: 'initializing': truncation from 'double' to 'const GLfloat'
f:\studia\4 semestr\grafika\grafika wasyl\grafika3\graphic_03d\colors.h(253): warning C4838: conversion from 'double' to 'const GLfloat' requires a narrowing conversion
f:\studia\4 semestr\grafika\grafika wasyl\grafika3\graphic_03d\colors.h(253): warning C4305: 'initializing': truncation from 'double' to 'const GLfloat'
f:\studia\4 semestr\grafika\grafika wasyl\grafika3\graphic_03d\colors.h(258): warning C4838: conversion from 'double' to 'const GLfloat' requires a narrowing conversion
f:\studia\4 semestr\grafika\grafika wasyl\grafika3\graphic_03d\colors.h(258): warning C4305: 'initializing': truncation from 'double' to 'const GLfloat'
f:\studia\4 semestr\grafika\grafika wasyl\grafika3\graphic_03d\colors.h(263): warning C4838: conversion from 'double' to 'const GLfloat' requires a narrowing conversion
f:\studia\4 semestr\grafika\grafika wasyl\grafika3\graphic_03d\colors.h(263): warning C4305: 'initializing': truncation from 'double' to 'const GLfloat'
f:\studia\4 semestr\grafika\grafika wasyl\grafika3\graphic_03d\colors.h(268): warning C4838: conversion from 'double' to 'const GLfloat' requires a narrowing conversion
f:\studia\4 semestr\grafika\grafika wasyl\grafika3\graphic_03d\colors.h(268): warning C4305: 'initializing': truncation from 'double' to 'const GLfloat'
f:\studia\4 semestr\grafika\grafika wasyl\grafika3\graphic_03d\colors.h(273): warning C4838: conversion from 'double' to 'const GLfloat' requires a narrowing conversion
f:\studia\4 semestr\grafika\grafika wasyl\grafika3\graphic_03d\colors.h(273): warning C4305: 'initializing': truncation from 'double' to 'const GLfloat'
f:\studia\4 semestr\grafika\grafika wasyl\grafika3\graphic_03d\colors.h(278): warning C4838: conversion from 'double' to 'const GLfloat' requires a narrowing conversion
f:\studia\4 semestr\grafika\grafika wasyl\grafika3\graphic_03d\colors.h(278): warning C4305: 'initializing': truncation from 'double' to 'const GLfloat'
f:\studia\4 semestr\grafika\grafika wasyl\grafika3\graphic_03d\colors.h(290): warning C4838: conversion from 'double' to 'const GLfloat' requires a narrowing conversion
f:\studia\4 semestr\grafika\grafika wasyl\grafika3\graphic_03d\colors.h(290): warning C4305: 'initializing': truncation from 'double' to 'const GLfloat'
f:\studia\4 semestr\grafika\grafika wasyl\grafika3\graphic_03d\colors.h(295): warning C4838: conversion from 'double' to 'const GLfloat' requires a narrowing conversion
f:\studia\4 semestr\grafika\grafika wasyl\grafika3\graphic_03d\colors.h(295): warning C4305: 'initializing': truncation from 'double' to 'const GLfloat'
f:\studia\4 semestr\grafika\grafika wasyl\grafika3\graphic_03d\colors.h(302): warning C4838: conversion from 'double' to 'const GLfloat' requires a narrowing conversion
f:\studia\4 semestr\grafika\grafika wasyl\grafika3\graphic_03d\colors.h(302): warning C4305: 'initializing': truncation from 'double' to 'const GLfloat'
f:\studia\4 semestr\grafika\grafika wasyl\grafika3\graphic_03d\colors.h(307): warning C4838: conversion from 'double' to 'const GLfloat' requires a narrowing conversion
f:\studia\4 semestr\grafika\grafika wasyl\grafika3\graphic_03d\colors.h(307): warning C4305: 'initializing': truncation from 'double' to 'const GLfloat'
f:\studia\4 semestr\grafika\grafika wasyl\grafika3\graphic_03d\colors.h(314): warning C4838: conversion from 'double' to 'const GLfloat' requires a narrowing conversion
f:\studia\4 semestr\grafika\grafika wasyl\grafika3\graphic_03d\colors.h(314): warning C4305: 'initializing': truncation from 'double' to 'const GLfloat'
f:\studia\4 semestr\grafika\grafika wasyl\grafika3\graphic_03d\colors.h(321): warning C4838: conversion from 'double' to 'const GLfloat' requires a narrowing conversion
f:\studia\4 semestr\grafika\grafika wasyl\grafika3\graphic_03d\colors.h(321): warning C4305: 'initializing': truncation from 'double' to 'const GLfloat'
f:\studia\4 semestr\grafika\grafika wasyl\grafika3\graphic_03d\colors.h(328): warning C4838: conversion from 'double' to 'const GLfloat' requires a narrowing conversion
f:\studia\4 semestr\grafika\grafika wasyl\grafika3\graphic_03d\colors.h(328): warning C4305: 'initializing': truncation from 'double' to 'const GLfloat'
f:\studia\4 semestr\grafika\grafika wasyl\grafika3\graphic_03d\colors.h(335): warning C4838: conversion from 'double' to 'const GLfloat' requires a narrowing conversion
f:\studia\4 semestr\grafika\grafika wasyl\grafika3\graphic_03d\colors.h(335): warning C4305: 'initializing': truncation from 'double' to 'const GLfloat'
f:\studia\4 semestr\grafika\grafika wasyl\grafika3\graphic_03d\colors.h(342): warning C4838: conversion from 'double' to 'const GLfloat' requires a narrowing conversion
f:\studia\4 semestr\grafika\grafika wasyl\grafika3\graphic_03d\colors.h(342): warning C4305: 'initializing': truncation from 'double' to 'const GLfloat'
f:\studia\4 semestr\grafika\grafika wasyl\grafika3\graphic_03d\colors.h(347): warning C4838: conversion from 'double' to 'const GLfloat' requires a narrowing conversion
f:\studia\4 semestr\grafika\grafika wasyl\grafika3\graphic_03d\colors.h(347): warning C4305: 'initializing': truncation from 'double' to 'const GLfloat'
f:\studia\4 semestr\grafika\grafika wasyl\grafika3\graphic_03d\colors.h(354): warning C4838: conversion from 'double' to 'const GLfloat' requires a narrowing conversion
f:\studia\4 semestr\grafika\grafika wasyl\grafika3\graphic_03d\colors.h(354): warning C4305: 'initializing': truncation from 'double' to 'const GLfloat'
f:\studia\4 semestr\grafika\grafika wasyl\grafika3\graphic_03d\colors.h(361): warning C4838: conversion from 'double' to 'const GLfloat' requires a narrowing conversion
f:\studia\4 semestr\grafika\grafika wasyl\grafika3\graphic_03d\colors.h(361): warning C4305: 'initializing': truncation from 'double' to 'const GLfloat'
f:\studia\4 semestr\grafika\grafika wasyl\grafika3\graphic_03d\colors.h(368): warning C4838: conversion from 'double' to 'const GLfloat' requires a narrowing conversion
f:\studia\4 semestr\grafika\grafika wasyl\grafika3\graphic_03d\colors.h(368): warning C4305: 'initializing': truncation from 'double' to 'const GLfloat'
f:\studia\4 semestr\grafika\grafika wasyl\grafika3\graphic_03d\colors.h(375): warning C4838: conversion from 'double' to 'const GLfloat' requires a narrowing conversion
f:\studia\4 semestr\grafika\grafika wasyl\grafika3\graphic_03d\colors.h(375): warning C4305: 'initializing': truncation from 'double' to 'const GLfloat'
f:\studia\4 semestr\grafika\grafika wasyl\grafika3\graphic_03d\colors.h(380): warning C4838: conversion from 'double' to 'const GLfloat' requires a narrowing conversion
f:\studia\4 semestr\grafika\grafika wasyl\grafika3\graphic_03d\colors.h(380): warning C4305: 'initializing': truncation from 'double' to 'const GLfloat'
f:\studia\4 semestr\grafika\grafika wasyl\grafika3\graphic_03d\colors.h(385): warning C4838: conversion from 'double' to 'const GLfloat' requires a narrowing conversion
f:\studia\4 semestr\grafika\grafika wasyl\grafika3\graphic_03d\colors.h(385): warning C4305: 'initializing': truncation from 'double' to 'const GLfloat'
f:\studia\4 semestr\grafika\grafika wasyl\grafika3\graphic_03d\colors.h(390): warning C4838: conversion from 'double' to 'const GLfloat' requires a narrowing conversion
f:\studia\4 semestr\grafika\grafika wasyl\grafika3\graphic_03d\colors.h(390): warning C4305: 'initializing': truncation from 'double' to 'const GLfloat'
f:\studia\4 semestr\grafika\grafika wasyl\grafika3\graphic_03d\colors.h(395): warning C4838: conversion from 'double' to 'const GLfloat' requires a narrowing conversion
f:\studia\4 semestr\grafika\grafika wasyl\grafika3\graphic_03d\colors.h(395): warning C4305: 'initializing': truncation from 'double' to 'const GLfloat'
f:\studia\4 semestr\grafika\grafika wasyl\grafika3\graphic_03d\colors.h(400): warning C4838: conversion from 'double' to 'const GLfloat' requires a narrowing conversion
f:\studia\4 semestr\grafika\grafika wasyl\grafika3\graphic_03d\colors.h(400): warning C4305: 'initializing': truncation from 'double' to 'const GLfloat'
f:\studia\4 semestr\grafika\grafika wasyl\grafika3\graphic_03d\colors.h(405): warning C4838: conversion from 'double' to 'const GLfloat' requires a narrowing conversion
f:\studia\4 semestr\grafika\grafika wasyl\grafika3\graphic_03d\colors.h(405): warning C4305: 'initializing': truncation from 'double' to 'const GLfloat'
f:\studia\4 semestr\grafika\grafika wasyl\grafika3\graphic_03d\colors.h(410): warning C4838: conversion from 'double' to 'const GLfloat' requires a narrowing conversion
f:\studia\4 semestr\grafika\grafika wasyl\grafika3\graphic_03d\colors.h(410): warning C4305: 'initializing': truncation from 'double' to 'const GLfloat'
f:\studia\4 semestr\grafika\grafika wasyl\grafika3\graphic_03d\colors.h(415): warning C4838: conversion from 'double' to 'const GLfloat' requires a narrowing conversion
f:\studia\4 semestr\grafika\grafika wasyl\grafika3\graphic_03d\colors.h(415): warning C4305: 'initializing': truncation from 'double' to 'const GLfloat'
f:\studia\4 semestr\grafika\grafika wasyl\grafika3\graphic_03d\colors.h(420): warning C4838: conversion from 'double' to 'const GLfloat' requires a narrowing conversion
f:\studia\4 semestr\grafika\grafika wasyl\grafika3\graphic_03d\colors.h(420): warning C4305: 'initializing': truncation from 'double' to 'const GLfloat'
f:\studia\4 semestr\grafika\grafika wasyl\grafika3\graphic_03d\colors.h(425): warning C4838: conversion from 'double' to 'const GLfloat' requires a narrowing conversion
f:\studia\4 semestr\grafika\grafika wasyl\grafika3\graphic_03d\colors.h(425): warning C4305: 'initializing': truncation from 'double' to 'const GLfloat'
f:\studia\4 semestr\grafika\grafika wasyl\grafika3\graphic_03d\colors.h(430): warning C4838: conversion from 'double' to 'const GLfloat' requires a narrowing conversion
f:\studia\4 semestr\grafika\grafika wasyl\grafika3\graphic_03d\colors.h(430): warning C4305: 'initializing': truncation from 'double' to 'const GLfloat'
f:\studia\4 semestr\grafika\grafika wasyl\grafika3\graphic_03d\colors.h(435): warning C4838: conversion from 'double' to 'const GLfloat' requires a narrowing conversion
f:\studia\4 semestr\grafika\grafika wasyl\grafika3\graphic_03d\colors.h(435): warning C4305: 'initializing': truncation from 'double' to 'const GLfloat'
f:\studia\4 semestr\grafika\grafika wasyl\grafika3\graphic_03d\colors.h(440): warning C4838: conversion from 'double' to 'const GLfloat' requires a narrowing conversion
f:\studia\4 semestr\grafika\grafika wasyl\grafika3\graphic_03d\colors.h(440): warning C4305: 'initializing': truncation from 'double' to 'const GLfloat'
f:\studia\4 semestr\grafika\grafika wasyl\grafika3\graphic_03d\colors.h(445): warning C4838: conversion from 'double' to 'const GLfloat' requires a narrowing conversion
f:\studia\4 semestr\grafika\grafika wasyl\grafika3\graphic_03d\colors.h(445): warning C4305: 'initializing': truncation from 'double' to 'const GLfloat'
f:\studia\4 semestr\grafika\grafika wasyl\grafika3\graphic_03d\colors.h(450): warning C4838: conversion from 'double' to 'const GLfloat' requires a narrowing conversion
f:\studia\4 semestr\grafika\grafika wasyl\grafika3\graphic_03d\colors.h(450): warning C4305: 'initializing': truncation from 'double' to 'const GLfloat'
f:\studia\4 semestr\grafika\grafika wasyl\grafika3\graphic_03d\colors.h(455): warning C4838: conversion from 'double' to 'const GLfloat' requires a narrowing conversion
f:\studia\4 semestr\grafika\grafika wasyl\grafika3\graphic_03d\colors.h(455): warning C4305: 'initializing': truncation from 'double' to 'const GLfloat'
f:\studia\4 semestr\grafika\grafika wasyl\grafika3\graphic_03d\colors.h(469): warning C4838: conversion from 'double' to 'const GLfloat' requires a narrowing conversion
f:\studia\4 semestr\grafika\grafika wasyl\grafika3\graphic_03d\colors.h(469): warning C4305: 'initializing': truncation from 'double' to 'const GLfloat'
f:\studia\4 semestr\grafika\grafika wasyl\grafika3\graphic_03d\colors.h(476): warning C4838: conversion from 'double' to 'const GLfloat' requires a narrowing conversion
f:\studia\4 semestr\grafika\grafika wasyl\grafika3\graphic_03d\colors.h(476): warning C4305: 'initializing': truncation from 'double' to 'const GLfloat'
f:\studia\4 semestr\grafika\grafika wasyl\grafika3\graphic_03d\colors.h(490): warning C4838: conversion from 'double' to 'const GLfloat' requires a narrowing conversion
f:\studia\4 semestr\grafika\grafika wasyl\grafika3\graphic_03d\colors.h(490): warning C4305: 'initializing': truncation from 'double' to 'const GLfloat'
f:\studia\4 semestr\grafika\grafika wasyl\grafika3\graphic_03d\colors.h(495): warning C4838: conversion from 'double' to 'const GLfloat' requires a narrowing conversion
f:\studia\4 semestr\grafika\grafika wasyl\grafika3\graphic_03d\colors.h(495): warning C4305: 'initializing': truncation from 'double' to 'const GLfloat'
f:\studia\4 semestr\grafika\grafika wasyl\grafika3\graphic_03d\colors.h(500): warning C4838: conversion from 'double' to 'const GLfloat' requires a narrowing conversion
f:\studia\4 semestr\grafika\grafika wasyl\grafika3\graphic_03d\colors.h(500): warning C4305: 'initializing': truncation from 'double' to 'const GLfloat'
f:\studia\4 semestr\grafika\grafika wasyl\grafika3\graphic_03d\colors.h(505): warning C4838: conversion from 'double' to 'const GLfloat' requires a narrowing conversion
f:\studia\4 semestr\grafika\grafika wasyl\grafika3\graphic_03d\colors.h(505): warning C4305: 'initializing': truncation from 'double' to 'const GLfloat'
f:\studia\4 semestr\grafika\grafika wasyl\grafika3\graphic_03d\colors.h(510): warning C4838: conversion from 'double' to 'const GLfloat' requires a narrowing conversion
f:\studia\4 semestr\grafika\grafika wasyl\grafika3\graphic_03d\colors.h(510): warning C4305: 'initializing': truncation from 'double' to 'const GLfloat'
f:\studia\4 semestr\grafika\grafika wasyl\grafika3\graphic_03d\colors.h(515): warning C4838: conversion from 'double' to 'const GLfloat' requires a narrowing conversion
f:\studia\4 semestr\grafika\grafika wasyl\grafika3\graphic_03d\colors.h(515): warning C4305: 'initializing': truncation from 'double' to 'const GLfloat'
f:\studia\4 semestr\grafika\grafika wasyl\grafika3\graphic_03d\colors.h(520): warning C4838: conversion from 'double' to 'const GLfloat' requires a narrowing conversion
f:\studia\4 semestr\grafika\grafika wasyl\grafika3\graphic_03d\colors.h(520): warning C4305: 'initializing': truncation from 'double' to 'const GLfloat'
f:\studia\4 semestr\grafika\grafika wasyl\grafika3\graphic_03d\colors.h(525): warning C4838: conversion from 'double' to 'const GLfloat' requires a narrowing conversion
f:\studia\4 semestr\grafika\grafika wasyl\grafika3\graphic_03d\colors.h(525): warning C4305: 'initializing': truncation from 'double' to 'const GLfloat'
f:\studia\4 semestr\grafika\grafika wasyl\grafika3\graphic_03d\colors.h(530): warning C4838: conversion from 'double' to 'const GLfloat' requires a narrowing conversion
f:\studia\4 semestr\grafika\grafika wasyl\grafika3\graphic_03d\colors.h(530): warning C4305: 'initializing': truncation from 'double' to 'const GLfloat'
f:\studia\4 semestr\grafika\grafika wasyl\grafika3\graphic_03d\colors.h(535): warning C4838: conversion from 'double' to 'const GLfloat' requires a narrowing conversion
f:\studia\4 semestr\grafika\grafika wasyl\grafika3\graphic_03d\colors.h(535): warning C4305: 'initializing': truncation from 'double' to 'const GLfloat'
f:\studia\4 semestr\grafika\grafika wasyl\grafika3\graphic_03d\colors.h(540): warning C4838: conversion from 'double' to 'const GLfloat' requires a narrowing conversion
f:\studia\4 semestr\grafika\grafika wasyl\grafika3\graphic_03d\colors.h(540): warning C4305: 'initializing': truncation from 'double' to 'const GLfloat'
f:\studia\4 semestr\grafika\grafika wasyl\grafika3\graphic_03d\colors.h(545): warning C4838: conversion from 'double' to 'const GLfloat' requires a narrowing conversion
f:\studia\4 semestr\grafika\grafika wasyl\grafika3\graphic_03d\colors.h(545): warning C4305: 'initializing': truncation from 'double' to 'const GLfloat'
f:\studia\4 semestr\grafika\grafika wasyl\grafika3\graphic_03d\colors.h(550): warning C4838: conversion from 'double' to 'const GLfloat' requires a narrowing conversion
f:\studia\4 semestr\grafika\grafika wasyl\grafika3\graphic_03d\colors.h(550): warning C4305: 'initializing': truncation from 'double' to 'const GLfloat'
f:\studia\4 semestr\grafika\grafika wasyl\grafika3\graphic_03d\colors.h(555): warning C4838: conversion from 'double' to 'const GLfloat' requires a narrowing conversion
f:\studia\4 semestr\grafika\grafika wasyl\grafika3\graphic_03d\colors.h(555): warning C4305: 'initializing': truncation from 'double' to 'const GLfloat'
f:\studia\4 semestr\grafika\grafika wasyl\grafika3\graphic_03d\colors.h(560): warning C4838: conversion from 'double' to 'const GLfloat' requires a narrowing conversion
f:\studia\4 semestr\grafika\grafika wasyl\grafika3\graphic_03d\colors.h(560): warning C4305: 'initializing': truncation from 'double' to 'const GLfloat'
f:\studia\4 semestr\grafika\grafika wasyl\grafika3\graphic_03d\colors.h(567): warning C4838: conversion from 'double' to 'const GLfloat' requires a narrowing conversion
f:\studia\4 semestr\grafika\grafika wasyl\grafika3\graphic_03d\colors.h(567): warning C4305: 'initializing': truncation from 'double' to 'const GLfloat'
f:\studia\4 semestr\grafika\grafika wasyl\grafika3\graphic_03d\colors.h(572): warning C4838: conversion from 'double' to 'const GLfloat' requires a narrowing conversion
f:\studia\4 semestr\grafika\grafika wasyl\grafika3\graphic_03d\colors.h(572): warning C4305: 'initializing': truncation from 'double' to 'const GLfloat'
f:\studia\4 semestr\grafika\grafika wasyl\grafika3\graphic_03d\colors.h(579): warning C4838: conversion from 'double' to 'const GLfloat' requires a narrowing conversion
f:\studia\4 semestr\grafika\grafika wasyl\grafika3\graphic_03d\colors.h(579): warning C4305: 'initializing': truncation from 'double' to 'const GLfloat'
f:\studia\4 semestr\grafika\grafika wasyl\grafika3\graphic_03d\colors.h(587): warning C4838: conversion from 'double' to 'const GLfloat' requires a narrowing conversion
f:\studia\4 semestr\grafika\grafika wasyl\grafika3\graphic_03d\colors.h(587): warning C4305: 'initializing': truncation from 'double' to 'const GLfloat'
f:\studia\4 semestr\grafika\grafika wasyl\grafika3\graphic_03d\colors.h(594): warning C4838: conversion from 'double' to 'const GLfloat' requires a narrowing conversion
f:\studia\4 semestr\grafika\grafika wasyl\grafika3\graphic_03d\colors.h(594): warning C4305: 'initializing': truncation from 'double' to 'const GLfloat'
f:\studia\4 semestr\grafika\grafika wasyl\grafika3\graphic_03d\colors.h(601): warning C4838: conversion from 'double' to 'const GLfloat' requires a narrowing conversion
f:\studia\4 semestr\grafika\grafika wasyl\grafika3\graphic_03d\colors.h(601): warning C4305: 'initializing': truncation from 'double' to 'const GLfloat'
f:\studia\4 semestr\grafika\grafika wasyl\grafika3\graphic_03d\colors.h(606): warning C4838: conversion from 'double' to 'const GLfloat' requires a narrowing conversion
f:\studia\4 semestr\grafika\grafika wasyl\grafika3\graphic_03d\colors.h(606): warning C4305: 'initializing': truncation from 'double' to 'const GLfloat'
f:\studia\4 semestr\grafika\grafika wasyl\grafika3\graphic_03d\colors.h(611): warning C4838: conversion from 'double' to 'const GLfloat' requires a narrowing conversion
f:\studia\4 semestr\grafika\grafika wasyl\grafika3\graphic_03d\colors.h(611): warning C4305: 'initializing': truncation from 'double' to 'const GLfloat'
f:\studia\4 semestr\grafika\grafika wasyl\grafika3\graphic_03d\colors.h(618): warning C4838: conversion from 'double' to 'const GLfloat' requires a narrowing conversion
f:\studia\4 semestr\grafika\grafika wasyl\grafika3\graphic_03d\colors.h(618): warning C4305: 'initializing': truncation from 'double' to 'const GLfloat'
f:\studia\4 semestr\grafika\grafika wasyl\grafika3\graphic_03d\colors.h(625): warning C4838: conversion from 'double' to 'const GLfloat' requires a narrowing conversion
f:\studia\4 semestr\grafika\grafika wasyl\grafika3\graphic_03d\colors.h(625): warning C4305: 'initializing': truncation from 'double' to 'const GLfloat'
f:\studia\4 semestr\grafika\grafika wasyl\grafika3\graphic_03d\colors.h(630): warning C4838: conversion from 'double' to 'const GLfloat' requires a narrowing conversion
f:\studia\4 semestr\grafika\grafika wasyl\grafika3\graphic_03d\colors.h(630): warning C4305: 'initializing': truncation from 'double' to 'const GLfloat'
f:\studia\4 semestr\grafika\grafika wasyl\grafika3\graphic_03d\colors.h(635): warning C4838: conversion from 'double' to 'const GLfloat' requires a narrowing conversion
f:\studia\4 semestr\grafika\grafika wasyl\grafika3\graphic_03d\colors.h(635): warning C4305: 'initializing': truncation from 'double' to 'const GLfloat'
f:\studia\4 semestr\grafika\grafika wasyl\grafika3\graphic_03d\colors.h(640): warning C4838: conversion from 'double' to 'const GLfloat' requires a narrowing conversion
f:\studia\4 semestr\grafika\grafika wasyl\grafika3\graphic_03d\colors.h(640): warning C4305: 'initializing': truncation from 'double' to 'const GLfloat'
f:\studia\4 semestr\grafika\grafika wasyl\grafika3\graphic_03d\colors.h(645): warning C4838: conversion from 'double' to 'const GLfloat' requires a narrowing conversion
f:\studia\4 semestr\grafika\grafika wasyl\grafika3\graphic_03d\colors.h(645): warning C4305: 'initializing': truncation from 'double' to 'const GLfloat'
f:\studia\4 semestr\grafika\grafika wasyl\grafika3\graphic_03d\colors.h(652): warning C4838: conversion from 'double' to 'const GLfloat' requires a narrowing conversion
f:\studia\4 semestr\grafika\grafika wasyl\grafika3\graphic_03d\colors.h(652): warning C4305: 'initializing': truncation from 'double' to 'const GLfloat'
f:\studia\4 semestr\grafika\grafika wasyl\grafika3\graphic_03d\colors.h(659): warning C4838: conversion from 'double' to 'const GLfloat' requires a narrowing conversion
f:\studia\4 semestr\grafika\grafika wasyl\grafika3\graphic_03d\colors.h(659): warning C4305: 'initializing': truncation from 'double' to 'const GLfloat'
f:\studia\4 semestr\grafika\grafika wasyl\grafika3\graphic_03d\colors.h(664): warning C4838: conversion from 'double' to 'const GLfloat' requires a narrowing conversion
f:\studia\4 semestr\grafika\grafika wasyl\grafika3\graphic_03d\colors.h(664): warning C4305: 'initializing': truncation from 'double' to 'const GLfloat'
f:\studia\4 semestr\grafika\grafika wasyl\grafika3\graphic_03d\colors.h(671): warning C4838: conversion from 'double' to 'const GLfloat' requires a narrowing conversion
f:\studia\4 semestr\grafika\grafika wasyl\grafika3\graphic_03d\colors.h(671): warning C4305: 'initializing': truncation from 'double' to 'const GLfloat'
f:\studia\4 semestr\grafika\grafika wasyl\grafika3\graphic_03d\colors.h(683): warning C4838: conversion from 'double' to 'const GLfloat' requires a narrowing conversion
f:\studia\4 semestr\grafika\grafika wasyl\grafika3\graphic_03d\colors.h(683): warning C4305: 'initializing': truncation from 'double' to 'const GLfloat'
f:\studia\4 semestr\grafika\grafika wasyl\grafika3\graphic_03d\colors.h(688): warning C4838: conversion from 'double' to 'const GLfloat' requires a narrowing conversion
f:\studia\4 semestr\grafika\grafika wasyl\grafika3\graphic_03d\colors.h(688): warning C4305: 'initializing': truncation from 'double' to 'const GLfloat'
f:\studia\4 semestr\grafika\grafika wasyl\grafika3\graphic_03d\colors.h(695): warning C4838: conversion from 'double' to 'const GLfloat' requires a narrowing conversion
f:\studia\4 semestr\grafika\grafika wasyl\grafika3\graphic_03d\colors.h(695): warning C4305: 'initializing': truncation from 'double' to 'const GLfloat'
f:\studia\4 semestr\grafika\grafika wasyl\grafika3\graphic_03d\colors.h(702): warning C4838: conversion from 'double' to 'const GLfloat' requires a narrowing conversion
f:\studia\4 semestr\grafika\grafika wasyl\grafika3\graphic_03d\colors.h(702): warning C4305: 'initializing': truncation from 'double' to 'const GLfloat'
f:\studia\4 semestr\grafika\grafika wasyl\grafika3\graphic_03d\colors.h(707): warning C4838: conversion from 'double' to 'const GLfloat' requires a narrowing conversion
f:\studia\4 semestr\grafika\grafika wasyl\grafika3\graphic_03d\colors.h(707): warning C4305: 'initializing': truncation from 'double' to 'const GLfloat'
f:\studia\4 semestr\grafika\grafika wasyl\grafika3\graphic_03d\colors.h(712): warning C4838: conversion from 'double' to 'const GLfloat' requires a narrowing conversion
f:\studia\4 semestr\grafika\grafika wasyl\grafika3\graphic_03d\colors.h(712): warning C4305: 'initializing': truncation from 'double' to 'const GLfloat'
f:\studia\4 semestr\grafika\grafika wasyl\grafika3\graphic_03d\colors.h(717): warning C4838: conversion from 'double' to 'const GLfloat' requires a narrowing conversion
f:\studia\4 semestr\grafika\grafika wasyl\grafika3\graphic_03d\colors.h(717): warning C4305: 'initializing': truncation from 'double' to 'const GLfloat'
f:\studia\4 semestr\grafika\grafika wasyl\grafika3\graphic_03d\colors.h(724): warning C4838: conversion from 'double' to 'const GLfloat' requires a narrowing conversion
f:\studia\4 semestr\grafika\grafika wasyl\grafika3\graphic_03d\colors.h(724): warning C4305: 'initializing': truncation from 'double' to 'const GLfloat'
f:\studia\4 semestr\grafika\grafika wasyl\grafika3\graphic_03d\colors.h(731): warning C4838: conversion from 'double' to 'const GLfloat' requires a narrowing conversion
f:\studia\4 semestr\grafika\grafika wasyl\grafika3\graphic_03d\colors.h(731): warning C4305: 'initializing': truncation from 'double' to 'const GLfloat'
f:\studia\4 semestr\grafika\grafika wasyl\grafika3\graphic_03d\colors.h(738): warning C4838: conversion from 'double' to 'const GLfloat' requires a narrowing conversion
f:\studia\4 semestr\grafika\grafika wasyl\grafika3\graphic_03d\colors.h(738): warning C4305: 'initializing': truncation from 'double' to 'const GLfloat'
f:\studia\4 semestr\grafika\grafika wasyl\grafika3\graphic_03d\colors.h(745): warning C4838: conversion from 'double' to 'const GLfloat' requires a narrowing conversion
f:\studia\4 semestr\grafika\grafika wasyl\grafika3\graphic_03d\colors.h(745): warning C4305: 'initializing': truncation from 'double' to 'const GLfloat'
f:\studia\4 semestr\grafika\grafika wasyl\grafika3\graphic_03d\colors.h(752): warning C4838: conversion from 'double' to 'const GLfloat' requires a narrowing conversion
f:\studia\4 semestr\grafika\grafika wasyl\grafika3\graphic_03d\colors.h(752): warning C4305: 'initializing': truncation from 'double' to 'const GLfloat'
f:\studia\4 semestr\grafika\grafika wasyl\grafika3\graphic_03d\colors.h(759): warning C4838: conversion from 'double' to 'const GLfloat' requires a narrowing conversion
f:\studia\4 semestr\grafika\grafika wasyl\grafika3\graphic_03d\colors.h(759): warning C4305: 'initializing': truncation from 'double' to 'const GLfloat'
f:\studia\4 semestr\grafika\grafika wasyl\grafika3\graphic_03d\colors.h(766): warning C4838: conversion from 'double' to 'const GLfloat' requires a narrowing conversion
f:\studia\4 semestr\grafika\grafika wasyl\grafika3\graphic_03d\colors.h(766): warning C4305: 'initializing': truncation from 'double' to 'const GLfloat'
f:\studia\4 semestr\grafika\grafika wasyl\grafika3\graphic_03d\colors.h(773): warning C4838: conversion from 'double' to 'const GLfloat' requires a narrowing conversion
f:\studia\4 semestr\grafika\grafika wasyl\grafika3\graphic_03d\colors.h(773): warning C4305: 'initializing': truncation from 'double' to 'const GLfloat'
f:\studia\4 semestr\grafika\grafika wasyl\grafika3\graphic_03d\colors.h(780): warning C4838: conversion from 'double' to 'const GLfloat' requires a narrowing conversion
f:\studia\4 semestr\grafika\grafika wasyl\grafika3\graphic_03d\colors.h(780): warning C4305: 'initializing': truncation from 'double' to 'const GLfloat'
f:\studia\4 semestr\grafika\grafika wasyl\grafika3\graphic_03d\colors.h(787): warning C4838: conversion from 'double' to 'const GLfloat' requires a narrowing conversion
f:\studia\4 semestr\grafika\grafika wasyl\grafika3\graphic_03d\colors.h(787): warning C4305: 'initializing': truncation from 'double' to 'const GLfloat'
f:\studia\4 semestr\grafika\grafika wasyl\grafika3\graphic_03d\colors.h(794): warning C4838: conversion from 'double' to 'const GLfloat' requires a narrowing conversion
f:\studia\4 semestr\grafika\grafika wasyl\grafika3\graphic_03d\colors.h(794): warning C4305: 'initializing': truncation from 'double' to 'const GLfloat'
f:\studia\4 semestr\grafika\grafika wasyl\grafika3\graphic_03d\colors.h(801): warning C4838: conversion from 'double' to 'const GLfloat' requires a narrowing conversion
f:\studia\4 semestr\grafika\grafika wasyl\grafika3\graphic_03d\colors.h(801): warning C4305: 'initializing': truncation from 'double' to 'const GLfloat'
f:\studia\4 semestr\grafika\grafika wasyl\grafika3\graphic_03d\colors.h(815): warning C4838: conversion from 'double' to 'const GLfloat' requires a narrowing conversion
f:\studia\4 semestr\grafika\grafika wasyl\grafika3\graphic_03d\colors.h(815): warning C4305: 'initializing': truncation from 'double' to 'const GLfloat'
f:\studia\4 semestr\grafika\grafika wasyl\grafika3\graphic_03d\colors.h(822): warning C4838: conversion from 'double' to 'const GLfloat' requires a narrowing conversion
f:\studia\4 semestr\grafika\grafika wasyl\grafika3\graphic_03d\colors.h(822): warning C4305: 'initializing': truncation from 'double' to 'const GLfloat'
f:\studia\4 semestr\grafika\grafika wasyl\grafika3\graphic_03d\colors.h(827): warning C4838: conversion from 'double' to 'const GLfloat' requires a narrowing conversion
f:\studia\4 semestr\grafika\grafika wasyl\grafika3\graphic_03d\colors.h(827): warning C4305: 'initializing': truncation from 'double' to 'const GLfloat'
f:\studia\4 semestr\grafika\grafika wasyl\grafika3\graphic_03d\colors.h(839): warning C4838: conversion from 'double' to 'const GLfloat' requires a narrowing conversion
f:\studia\4 semestr\grafika\grafika wasyl\grafika3\graphic_03d\colors.h(839): warning C4305: 'initializing': truncation from 'double' to 'const GLfloat'
f:\studia\4 semestr\grafika\grafika wasyl\grafika3\graphic_03d\colors.h(853): warning C4838: conversion from 'double' to 'const GLfloat' requires a narrowing conversion
f:\studia\4 semestr\grafika\grafika wasyl\grafika3\graphic_03d\colors.h(853): warning C4305: 'initializing': truncation from 'double' to 'const GLfloat'
f:\studia\4 semestr\grafika\grafika wasyl\grafika3\graphic_03d\graphic_03d.cpp(110): warning C4267: 'initializing': conversion from 'size_t' to 'int', possible loss of data
f:\studia\4 semestr\grafika\grafika wasyl\grafika3\graphic_03d\graphic_03d.cpp(301): warning C4305: '+=': truncation from 'double' to 'GLfloat'
f:\studia\4 semestr\grafika\grafika wasyl\grafika3\graphic_03d\graphic_03d.cpp(306): warning C4305: '-=': truncation from 'double' to 'GLfloat'
f:\studia\4 semestr\grafika\grafika wasyl\grafika3\graphic_03d\graphic_03d.cpp(336): warning C4244: '+=': conversion from 'double' to 'GLfloat', possible loss of data
f:\studia\4 semestr\grafika\grafika wasyl\grafika3\graphic_03d\graphic_03d.cpp(338): warning C4244: '-=': conversion from 'double' to 'GLfloat', possible loss of data
f:\studia\4 semestr\grafika\grafika wasyl\grafika3\graphic_03d\graphic_03d.cpp(667): warning C4305: 'argument': truncation from 'double' to 'GLfloat'
f:\studia\4 semestr\grafika\grafika wasyl\grafika3\graphic_03d\graphic_03d.cpp(669): warning C4305: 'argument': truncation from 'double' to 'GLfloat'
f:\studia\4 semestr\grafika\grafika wasyl\grafika3\graphic_03d\graphic_03d.cpp(671): warning C4305: 'argument': truncation from 'double' to 'GLfloat'
f:\studia\4 semestr\grafika\grafika wasyl\grafika3\graphic_03d\graphic_03d.cpp(673): warning C4305: 'argument': truncation from 'double' to 'GLfloat'
f:\studia\4 semestr\grafika\grafika wasyl\grafika3\graphic_03d\graphic_03d.cpp(675): warning C4305: 'argument': truncation from 'double' to 'GLfloat'
f:\studia\4 semestr\grafika\grafika wasyl\grafika3\graphic_03d\graphic_03d.cpp(677): warning C4305: 'argument': truncation from 'double' to 'GLfloat'
f:\studia\4 semestr\grafika\grafika wasyl\grafika3\graphic_03d\graphic_03d.cpp(696): warning C4305: 'argument': truncation from 'double' to 'GLfloat'
f:\studia\4 semestr\grafika\grafika wasyl\grafika3\graphic_03d\graphic_03d.cpp(698): warning C4305: 'argument': truncation from 'double' to 'GLfloat'
f:\studia\4 semestr\grafika\grafika wasyl\grafika3\graphic_03d\graphic_03d.cpp(700): warning C4305: 'argument': truncation from 'double' to 'GLfloat'
f:\studia\4 semestr\grafika\grafika wasyl\grafika3\graphic_03d\graphic_03d.cpp(702): warning C4305: 'argument': truncation from 'double' to 'GLfloat'
f:\studia\4 semestr\grafika\grafika wasyl\grafika3\graphic_03d\graphic_03d.cpp(704): warning C4305: 'argument': truncation from 'double' to 'GLfloat'
f:\studia\4 semestr\grafika\grafika wasyl\grafika3\graphic_03d\graphic_03d.cpp(706): warning C4305: 'argument': truncation from 'double' to 'GLfloat'
f:\studia\4 semestr\grafika\grafika wasyl\grafika3\graphic_03d\graphic_03d.cpp(724): warning C4305: 'argument': truncation from 'double' to 'GLfloat'
f:\studia\4 semestr\grafika\grafika wasyl\grafika3\graphic_03d\graphic_03d.cpp(726): warning C4305: 'argument': truncation from 'double' to 'GLfloat'
f:\studia\4 semestr\grafika\grafika wasyl\grafika3\graphic_03d\graphic_03d.cpp(728): warning C4305: 'argument': truncation from 'double' to 'GLfloat'
f:\studia\4 semestr\grafika\grafika wasyl\grafika3\graphic_03d\graphic_03d.cpp(730): warning C4305: 'argument': truncation from 'double' to 'GLfloat'
f:\studia\4 semestr\grafika\grafika wasyl\grafika3\graphic_03d\graphic_03d.cpp(732): warning C4305: 'argument': truncation from 'double' to 'GLfloat'
f:\studia\4 semestr\grafika\grafika wasyl\grafika3\graphic_03d\graphic_03d.cpp(734): warning C4305: 'argument': truncation from 'double' to 'GLfloat'
f:\studia\4 semestr\grafika\grafika wasyl\grafika3\graphic_03d\graphic_03d.cpp(738): warning C4305: 'argument': truncation from 'double' to 'GLfloat'
f:\studia\4 semestr\grafika\grafika wasyl\grafika3\graphic_03d\graphic_03d.cpp(740): warning C4305: 'argument': truncation from 'double' to 'GLfloat'
f:\studia\4 semestr\grafika\grafika wasyl\grafika3\graphic_03d\graphic_03d.cpp(742): warning C4305: 'argument': truncation from 'double' to 'GLfloat'
f:\studia\4 semestr\grafika\grafika wasyl\grafika3\graphic_03d\graphic_03d.cpp(744): warning C4305: 'argument': truncation from 'double' to 'GLfloat'
f:\studia\4 semestr\grafika\grafika wasyl\grafika3\graphic_03d\graphic_03d.cpp(746): warning C4305: 'argument': truncation from 'double' to 'GLfloat'
f:\studia\4 semestr\grafika\grafika wasyl\grafika3\graphic_03d\graphic_03d.cpp(748): warning C4305: 'argument': truncation from 'double' to 'GLfloat'
f:\studia\4 semestr\grafika\grafika wasyl\grafika3\graphic_03d\graphic_03d.cpp(752): warning C4305: 'argument': truncation from 'double' to 'GLfloat'
f:\studia\4 semestr\grafika\grafika wasyl\grafika3\graphic_03d\graphic_03d.cpp(754): warning C4305: 'argument': truncation from 'double' to 'GLfloat'
f:\studia\4 semestr\grafika\grafika wasyl\grafika3\graphic_03d\graphic_03d.cpp(756): warning C4305: 'argument': truncation from 'double' to 'GLfloat'
f:\studia\4 semestr\grafika\grafika wasyl\grafika3\graphic_03d\graphic_03d.cpp(758): warning C4305: 'argument': truncation from 'double' to 'GLfloat'
f:\studia\4 semestr\grafika\grafika wasyl\grafika3\graphic_03d\graphic_03d.cpp(760): warning C4305: 'argument': truncation from 'double' to 'GLfloat'
f:\studia\4 semestr\grafika\grafika wasyl\grafika3\graphic_03d\graphic_03d.cpp(762): warning C4305: 'argument': truncation from 'double' to 'GLfloat'
f:\studia\4 semestr\grafika\grafika wasyl\grafika3\graphic_03d\graphic_03d.cpp(767): warning C4305: 'argument': truncation from 'double' to 'GLfloat'
f:\studia\4 semestr\grafika\grafika wasyl\grafika3\graphic_03d\graphic_03d.cpp(769): warning C4305: 'argument': truncation from 'double' to 'GLfloat'
f:\studia\4 semestr\grafika\grafika wasyl\grafika3\graphic_03d\graphic_03d.cpp(771): warning C4305: 'argument': truncation from 'double' to 'GLfloat'
f:\studia\4 semestr\grafika\grafika wasyl\grafika3\graphic_03d\graphic_03d.cpp(773): warning C4305: 'argument': truncation from 'double' to 'GLfloat'
f:\studia\4 semestr\grafika\grafika wasyl\grafika3\graphic_03d\graphic_03d.cpp(775): warning C4305: 'argument': truncation from 'double' to 'GLfloat'
f:\studia\4 semestr\grafika\grafika wasyl\grafika3\graphic_03d\graphic_03d.cpp(777): warning C4305: 'argument': truncation from 'double' to 'GLfloat'
f:\studia\4 semestr\grafika\grafika wasyl\grafika3\graphic_03d\graphic_03d.cpp(781): warning C4305: 'argument': truncation from 'double' to 'GLfloat'
f:\studia\4 semestr\grafika\grafika wasyl\grafika3\graphic_03d\graphic_03d.cpp(783): warning C4305: 'argument': truncation from 'double' to 'GLfloat'
f:\studia\4 semestr\grafika\grafika wasyl\grafika3\graphic_03d\graphic_03d.cpp(785): warning C4305: 'argument': truncation from 'double' to 'GLfloat'
f:\studia\4 semestr\grafika\grafika wasyl\grafika3\graphic_03d\graphic_03d.cpp(787): warning C4305: 'argument': truncation from 'double' to 'GLfloat'
f:\studia\4 semestr\grafika\grafika wasyl\grafika3\graphic_03d\graphic_03d.cpp(789): warning C4305: 'argument': truncation from 'double' to 'GLfloat'
f:\studia\4 semestr\grafika\grafika wasyl\grafika3\graphic_03d\graphic_03d.cpp(791): warning C4305: 'argument': truncation from 'double' to 'GLfloat'
f:\studia\4 semestr\grafika\grafika wasyl\grafika3\graphic_03d\graphic_03d.cpp(808): warning C4305: 'argument': truncation from 'double' to 'GLfloat'
f:\studia\4 semestr\grafika\grafika wasyl\grafika3\graphic_03d\graphic_03d.cpp(810): warning C4305: 'argument': truncation from 'double' to 'GLfloat'
f:\studia\4 semestr\grafika\grafika wasyl\grafika3\graphic_03d\graphic_03d.cpp(812): warning C4305: 'argument': truncation from 'double' to 'GLfloat'
f:\studia\4 semestr\grafika\grafika wasyl\grafika3\graphic_03d\graphic_03d.cpp(814): warning C4305: 'argument': truncation from 'double' to 'GLfloat'
f:\studia\4 semestr\grafika\grafika wasyl\grafika3\graphic_03d\graphic_03d.cpp(818): warning C4305: 'argument': truncation from 'double' to 'GLfloat'
f:\studia\4 semestr\grafika\grafika wasyl\grafika3\graphic_03d\graphic_03d.cpp(820): warning C4305: 'argument': truncation from 'double' to 'GLfloat'
f:\studia\4 semestr\grafika\grafika wasyl\grafika3\graphic_03d\graphic_03d.cpp(822): warning C4305: 'argument': truncation from 'double' to 'GLfloat'
f:\studia\4 semestr\grafika\grafika wasyl\grafika3\graphic_03d\graphic_03d.cpp(824): warning C4305: 'argument': truncation from 'double' to 'GLfloat'
  Generating Code...
  Graphic_03d.vcxproj -> F:\STUDIA\4 SEMESTR\Grafika\GRAFIKA WASYL\Grafika3\x64\Debug\Graphic_03d.exe
